  main.cpp
C:\Users\mario\Desktop\gitRepos\ProyectoFinal_computacionGrafica\proyectoFinal\proyectoFinal\Mesh.h(95,1): warning C4267: 'argument': conversion from 'size_t' to 'GLsizei', possible loss of data
C:\Users\mario\Desktop\gitRepos\ProyectoFinal_computacionGrafica\proyectoFinal\proyectoFinal\main.cpp(123,30): warning C4244: 'initializing': conversion from 'double' to 'GLfloat', possible loss of data
C:\Users\mario\Desktop\gitRepos\ProyectoFinal_computacionGrafica\proyectoFinal\proyectoFinal\main.cpp(220,17): warning C4244: '=': conversion from 'double' to 'GLfloat', possible loss of data
C:\Users\mario\Desktop\gitRepos\ProyectoFinal_computacionGrafica\proyectoFinal\proyectoFinal\main.cpp(221,17): warning C4244: '=': conversion from 'double' to 'GLfloat', possible loss of data
C:\Users\mario\Desktop\gitRepos\ProyectoFinal_computacionGrafica\proyectoFinal\proyectoFinal\main.cpp(225,21): warning C4244: 'initializing': conversion from 'double' to 'GLfloat', possible loss of data
C:\Users\mario\Desktop\gitRepos\ProyectoFinal_computacionGrafica\proyectoFinal\proyectoFinal\main.cpp(226,21): warning C4244: 'initializing': conversion from 'double' to 'GLfloat', possible loss of data
C:\Users\mario\Desktop\gitRepos\ProyectoFinal_computacionGrafica\proyectoFinal\proyectoFinal\main.cpp(228,13): warning C4244: '=': conversion from 'double' to 'GLfloat', possible loss of data
C:\Users\mario\Desktop\gitRepos\ProyectoFinal_computacionGrafica\proyectoFinal\proyectoFinal\main.cpp(229,13): warning C4244: '=': conversion from 'double' to 'GLfloat', possible loss of data
main.obj : error LNK2019: unresolved external symbol __imp_glewInit referenced in function main
main.obj : error LNK2019: unresolved external symbol glfwInit referenced in function main
main.obj : error LNK2019: unresolved external symbol glfwTerminate referenced in function main
main.obj : error LNK2019: unresolved external symbol glfwWindowHint referenced in function main
main.obj : error LNK2019: unresolved external symbol glfwCreateWindow referenced in function main
main.obj : error LNK2019: unresolved external symbol glfwWindowShouldClose referenced in function main
main.obj : error LNK2019: unresolved external symbol glfwSetWindowShouldClose referenced in function "void __cdecl KeyCallback(struct GLFWwindow *,int,int,int,int)" (?KeyCallback@@YAXPEAUGLFWwindow@@HHHH@Z)
main.obj : error LNK2019: unresolved external symbol glfwGetFramebufferSize referenced in function main
main.obj : error LNK2019: unresolved external symbol glfwPollEvents referenced in function main
main.obj : error LNK2019: unresolved external symbol glfwSetInputMode referenced in function main
main.obj : error LNK2019: unresolved external symbol glfwSetKeyCallback referenced in function main
main.obj : error LNK2019: unresolved external symbol glfwSetCursorPosCallback referenced in function main
main.obj : error LNK2019: unresolved external symbol glfwGetTime referenced in function main
main.obj : error LNK2019: unresolved external symbol glfwMakeContextCurrent referenced in function main
main.obj : error LNK2019: unresolved external symbol glfwSwapBuffers referenced in function main
main.obj : error LNK2019: unresolved external symbol SOIL_load_image referenced in function "int __cdecl TextureFromFile(char const *,class std::basic_string<char,struct std::char_traits<char>,class std::allocator<char> >)" (?TextureFromFile@@YAHPEBDV?$basic_string@DU?$char_traits@D@std@@V?$allocator@D@2@@std@@@Z)
main.obj : error LNK2019: unresolved external symbol SOIL_free_image_data referenced in function "int __cdecl TextureFromFile(char const *,class std::basic_string<char,struct std::char_traits<char>,class std::allocator<char> >)" (?TextureFromFile@@YAHPEBDV?$basic_string@DU?$char_traits@D@std@@V?$allocator@D@2@@std@@@Z)
main.obj : error LNK2019: unresolved external symbol "public: __cdecl Assimp::Importer::Importer(void)" (??0Importer@Assimp@@QEAA@XZ) referenced in function "private: void __cdecl Model::loadModel(class std::basic_string<char,struct std::char_traits<char>,class std::allocator<char> >)" (?loadModel@Model@@AEAAXV?$basic_string@DU?$char_traits@D@std@@V?$allocator@D@2@@std@@@Z)
main.obj : error LNK2019: unresolved external symbol "public: __cdecl Assimp::Importer::~Importer(void)" (??1Importer@Assimp@@QEAA@XZ) referenced in function "private: void __cdecl Model::loadModel(class std::basic_string<char,struct std::char_traits<char>,class std::allocator<char> >)" (?loadModel@Model@@AEAAXV?$basic_string@DU?$char_traits@D@std@@V?$allocator@D@2@@std@@@Z)
main.obj : error LNK2019: unresolved external symbol "public: struct aiScene const * __cdecl Assimp::Importer::ReadFile(char const *,unsigned int)" (?ReadFile@Importer@Assimp@@QEAAPEBUaiScene@@PEBDI@Z) referenced in function "public: struct aiScene const * __cdecl Assimp::Importer::ReadFile(class std::basic_string<char,struct std::char_traits<char>,class std::allocator<char> > const &,unsigned int)" (?ReadFile@Importer@Assimp@@QEAAPEBUaiScene@@AEBV?$basic_string@DU?$char_traits@D@std@@V?$allocator@D@2@@std@@I@Z)
main.obj : error LNK2019: unresolved external symbol "public: char const * __cdecl Assimp::Importer::GetErrorString(void)const " (?GetErrorString@Importer@Assimp@@QEBAPEBDXZ) referenced in function "private: void __cdecl Model::loadModel(class std::basic_string<char,struct std::char_traits<char>,class std::allocator<char> >)" (?loadModel@Model@@AEAAXV?$basic_string@DU?$char_traits@D@std@@V?$allocator@D@2@@std@@@Z)
main.obj : error LNK2019: unresolved external symbol aiGetMaterialTextureCount referenced in function "public: unsigned int __cdecl aiMaterial::GetTextureCount(enum aiTextureType)const " (?GetTextureCount@aiMaterial@@QEBAIW4aiTextureType@@@Z)
main.obj : error LNK2019: unresolved external symbol aiGetMaterialTexture referenced in function "public: enum aiReturn __cdecl aiMaterial::GetTexture(enum aiTextureType,unsigned int,struct aiString *,enum aiTextureMapping *,unsigned int *,float *,enum aiTextureOp *,enum aiTextureMapMode *)const " (?GetTexture@aiMaterial@@QEBA?AW4aiReturn@@W4aiTextureType@@IPEAUaiString@@PEAW4aiTextureMapping@@PEAIPEAMPEAW4aiTextureOp@@PEAW4aiTextureMapMode@@@Z)
main.obj : error LNK2019: unresolved external symbol stbi_load referenced in function "public: static unsigned int __cdecl TextureLoading::LoadCubemap(class std::vector<char const *,class std::allocator<char const *> >)" (?LoadCubemap@TextureLoading@@SAIV?$vector@PEBDV?$allocator@PEBD@std@@@std@@@Z)
main.obj : error LNK2019: unresolved external symbol stbi_image_free referenced in function "public: static unsigned int __cdecl TextureLoading::LoadCubemap(class std::vector<char const *,class std::allocator<char const *> >)" (?LoadCubemap@TextureLoading@@SAIV?$vector@PEBDV?$allocator@PEBD@std@@@std@@@Z)
main.obj : error LNK2019: unresolved external symbol __imp___glewActiveTexture referenced in function "public: void __cdecl Mesh::Draw(class Shader)" (?Draw@Mesh@@QEAAXVShader@@@Z)
main.obj : error LNK2019: unresolved external symbol __imp___glewBindBuffer referenced in function "public: __cdecl SkyBox::SkyBox(char *,char *,char *,char *,char *,char *,float *,int)" (??0SkyBox@@QEAA@PEAD00000PEAMH@Z)
main.obj : error LNK2019: unresolved external symbol __imp___glewBufferData referenced in function "public: __cdecl SkyBox::SkyBox(char *,char *,char *,char *,char *,char *,float *,int)" (??0SkyBox@@QEAA@PEAD00000PEAMH@Z)
main.obj : error LNK2019: unresolved external symbol __imp___glewGenBuffers referenced in function "public: __cdecl SkyBox::SkyBox(char *,char *,char *,char *,char *,char *,float *,int)" (??0SkyBox@@QEAA@PEAD00000PEAMH@Z)
main.obj : error LNK2019: unresolved external symbol __imp___glewAttachShader referenced in function "public: __cdecl Shader::Shader(char const *,char const *)" (??0Shader@@QEAA@PEBD0@Z)
main.obj : error LNK2019: unresolved external symbol __imp___glewCompileShader referenced in function "public: __cdecl Shader::Shader(char const *,char const *)" (??0Shader@@QEAA@PEBD0@Z)
main.obj : error LNK2019: unresolved external symbol __imp___glewCreateProgram referenced in function "public: __cdecl Shader::Shader(char const *,char const *)" (??0Shader@@QEAA@PEBD0@Z)
main.obj : error LNK2019: unresolved external symbol __imp___glewCreateShader referenced in function "public: __cdecl Shader::Shader(char const *,char const *)" (??0Shader@@QEAA@PEBD0@Z)
main.obj : error LNK2019: unresolved external symbol __imp___glewDeleteShader referenced in function "public: __cdecl Shader::Shader(char const *,char const *)" (??0Shader@@QEAA@PEBD0@Z)
main.obj : error LNK2019: unresolved external symbol __imp___glewEnableVertexAttribArray referenced in function "public: __cdecl SkyBox::SkyBox(char *,char *,char *,char *,char *,char *,float *,int)" (??0SkyBox@@QEAA@PEAD00000PEAMH@Z)
main.obj : error LNK2019: unresolved external symbol __imp___glewGetProgramInfoLog referenced in function "public: __cdecl Shader::Shader(char const *,char const *)" (??0Shader@@QEAA@PEBD0@Z)
main.obj : error LNK2019: unresolved external symbol __imp___glewGetProgramiv referenced in function "public: __cdecl Shader::Shader(char const *,char const *)" (??0Shader@@QEAA@PEBD0@Z)
main.obj : error LNK2019: unresolved external symbol __imp___glewGetShaderInfoLog referenced in function "public: __cdecl Shader::Shader(char const *,char const *)" (??0Shader@@QEAA@PEBD0@Z)
main.obj : error LNK2019: unresolved external symbol __imp___glewGetShaderiv referenced in function "public: __cdecl Shader::Shader(char const *,char const *)" (??0Shader@@QEAA@PEBD0@Z)
main.obj : error LNK2019: unresolved external symbol __imp___glewGetUniformLocation referenced in function "public: __cdecl Shader::Shader(char const *,char const *)" (??0Shader@@QEAA@PEBD0@Z)
main.obj : error LNK2019: unresolved external symbol __imp___glewLinkProgram referenced in function "public: __cdecl Shader::Shader(char const *,char const *)" (??0Shader@@QEAA@PEBD0@Z)
main.obj : error LNK2019: unresolved external symbol __imp___glewShaderSource referenced in function "public: __cdecl Shader::Shader(char const *,char const *)" (??0Shader@@QEAA@PEBD0@Z)
main.obj : error LNK2019: unresolved external symbol __imp___glewUniform1f referenced in function "public: void __cdecl Mesh::Draw(class Shader)" (?Draw@Mesh@@QEAAXVShader@@@Z)
main.obj : error LNK2019: unresolved external symbol __imp___glewUniform1i referenced in function "public: void __cdecl Mesh::Draw(class Shader)" (?Draw@Mesh@@QEAAXVShader@@@Z)
main.obj : error LNK2019: unresolved external symbol __imp___glewUniformMatrix4fv referenced in function main
main.obj : error LNK2019: unresolved external symbol __imp___glewUseProgram referenced in function "public: void __cdecl Shader::Use(void)" (?Use@Shader@@QEAAXXZ)
main.obj : error LNK2019: unresolved external symbol __imp___glewVertexAttribPointer referenced in function "public: __cdecl SkyBox::SkyBox(char *,char *,char *,char *,char *,char *,float *,int)" (??0SkyBox@@QEAA@PEAD00000PEAMH@Z)
main.obj : error LNK2019: unresolved external symbol __imp___glewGenerateMipmap referenced in function "int __cdecl TextureFromFile(char const *,class std::basic_string<char,struct std::char_traits<char>,class std::allocator<char> >)" (?TextureFromFile@@YAHPEBDV?$basic_string@DU?$char_traits@D@std@@V?$allocator@D@2@@std@@@Z)
main.obj : error LNK2019: unresolved external symbol __imp___glewBindVertexArray referenced in function "public: __cdecl SkyBox::SkyBox(char *,char *,char *,char *,char *,char *,float *,int)" (??0SkyBox@@QEAA@PEAD00000PEAMH@Z)
main.obj : error LNK2019: unresolved external symbol __imp___glewGenVertexArrays referenced in function "public: __cdecl SkyBox::SkyBox(char *,char *,char *,char *,char *,char *,float *,int)" (??0SkyBox@@QEAA@PEAD00000PEAMH@Z)
main.obj : error LNK2019: unresolved external symbol __imp_glewExperimental referenced in function main
C:\Users\mario\Desktop\gitRepos\ProyectoFinal_computacionGrafica\proyectoFinal\\External Libraries\SOIL2\lib\soil2-debug.lib : warning LNK4272: library machine type 'x86' conflicts with target machine type 'x64'
C:\Users\mario\Desktop\gitRepos\ProyectoFinal_computacionGrafica\proyectoFinal\\External Libraries\assimp\lib\assimp-vc140-mt.lib : warning LNK4272: library machine type 'x86' conflicts with target machine type 'x64'
C:\Users\mario\Desktop\gitRepos\ProyectoFinal_computacionGrafica\proyectoFinal\\External Libraries\GLEW\lib\Release\Win32\glew32.lib : warning LNK4272: library machine type 'x86' conflicts with target machine type 'x64'
C:\Users\mario\Desktop\gitRepos\ProyectoFinal_computacionGrafica\proyectoFinal\\External Libraries\GLFW\lib-vc2015\glfw3.lib : warning LNK4272: library machine type 'x86' conflicts with target machine type 'x64'
C:\Users\mario\Desktop\gitRepos\ProyectoFinal_computacionGrafica\proyectoFinal\x64\Debug\proyectoFinal.exe : fatal error LNK1120: 51 unresolved externals
