  CastelanHernandezMario_ProyectoFinal_GPO04.cpp
C:\Users\mario\Desktop\gitRepos\ProyectoFinal_computacionGrafica\proyectoFinal\proyectoFinal\CastelanHernandezMario_ProyectoFinal_GPO04.cpp(228,27): warning C4244: 'argument': conversion from 'double' to 'unsigned int', possible loss of data
C:\Users\mario\Desktop\gitRepos\ProyectoFinal_computacionGrafica\proyectoFinal\proyectoFinal\CastelanHernandezMario_ProyectoFinal_GPO04.cpp(378,87): warning C4305: 'argument': truncation from 'double' to 'float'
C:\Users\mario\Desktop\gitRepos\ProyectoFinal_computacionGrafica\proyectoFinal\proyectoFinal\CastelanHernandezMario_ProyectoFinal_GPO04.cpp(379,95): warning C4305: 'argument': truncation from 'double' to 'float'
C:\Users\mario\Desktop\gitRepos\ProyectoFinal_computacionGrafica\proyectoFinal\proyectoFinal\CastelanHernandezMario_ProyectoFinal_GPO04.cpp(380,95): warning C4305: 'argument': truncation from 'double' to 'float'
C:\Users\mario\Desktop\gitRepos\ProyectoFinal_computacionGrafica\proyectoFinal\proyectoFinal\CastelanHernandezMario_ProyectoFinal_GPO04.cpp(381,95): warning C4305: 'argument': truncation from 'double' to 'float'
C:\Users\mario\Desktop\gitRepos\ProyectoFinal_computacionGrafica\proyectoFinal\proyectoFinal\CastelanHernandezMario_ProyectoFinal_GPO04.cpp(413,77): warning C4305: 'argument': truncation from 'double' to 'float'
C:\Users\mario\Desktop\gitRepos\ProyectoFinal_computacionGrafica\proyectoFinal\proyectoFinal\CastelanHernandezMario_ProyectoFinal_GPO04.cpp(424,76): warning C4305: 'argument': truncation from 'double' to 'float'
C:\Users\mario\Desktop\gitRepos\ProyectoFinal_computacionGrafica\proyectoFinal\proyectoFinal\CastelanHernandezMario_ProyectoFinal_GPO04.cpp(425,76): warning C4305: 'argument': truncation from 'double' to 'float'
C:\Users\mario\Desktop\gitRepos\ProyectoFinal_computacionGrafica\proyectoFinal\proyectoFinal\CastelanHernandezMario_ProyectoFinal_GPO04.cpp(426,74): warning C4305: 'argument': truncation from 'double' to 'float'
C:\Users\mario\Desktop\gitRepos\ProyectoFinal_computacionGrafica\proyectoFinal\proyectoFinal\CastelanHernandezMario_ProyectoFinal_GPO04.cpp(427,76): warning C4305: 'argument': truncation from 'double' to 'float'
C:\Users\mario\Desktop\gitRepos\ProyectoFinal_computacionGrafica\proyectoFinal\proyectoFinal\CastelanHernandezMario_ProyectoFinal_GPO04.cpp(428,74): warning C4305: 'argument': truncation from 'double' to 'float'
C:\Users\mario\Desktop\gitRepos\ProyectoFinal_computacionGrafica\proyectoFinal\proyectoFinal\CastelanHernandezMario_ProyectoFinal_GPO04.cpp(429,76): warning C4305: 'argument': truncation from 'double' to 'float'
C:\Users\mario\Desktop\gitRepos\ProyectoFinal_computacionGrafica\proyectoFinal\proyectoFinal\CastelanHernandezMario_ProyectoFinal_GPO04.cpp(430,74): warning C4305: 'argument': truncation from 'double' to 'float'
C:\Users\mario\Desktop\gitRepos\ProyectoFinal_computacionGrafica\proyectoFinal\proyectoFinal\CastelanHernandezMario_ProyectoFinal_GPO04.cpp(466,72): warning C4305: 'argument': truncation from 'double' to 'float'
C:\Users\mario\Desktop\gitRepos\ProyectoFinal_computacionGrafica\proyectoFinal\proyectoFinal\CastelanHernandezMario_ProyectoFinal_GPO04.cpp(467,76): warning C4305: 'argument': truncation from 'double' to 'float'
C:\Users\mario\Desktop\gitRepos\ProyectoFinal_computacionGrafica\proyectoFinal\proyectoFinal\CastelanHernandezMario_ProyectoFinal_GPO04.cpp(468,74): warning C4305: 'argument': truncation from 'double' to 'float'
C:\Users\mario\Desktop\gitRepos\ProyectoFinal_computacionGrafica\proyectoFinal\proyectoFinal\CastelanHernandezMario_ProyectoFinal_GPO04.cpp(469,76): warning C4305: 'argument': truncation from 'double' to 'float'
C:\Users\mario\Desktop\gitRepos\ProyectoFinal_computacionGrafica\proyectoFinal\proyectoFinal\CastelanHernandezMario_ProyectoFinal_GPO04.cpp(470,74): warning C4305: 'argument': truncation from 'double' to 'float'
C:\Users\mario\Desktop\gitRepos\ProyectoFinal_computacionGrafica\proyectoFinal\proyectoFinal\CastelanHernandezMario_ProyectoFinal_GPO04.cpp(471,78): warning C4305: 'argument': truncation from 'double' to 'float'
C:\Users\mario\Desktop\gitRepos\ProyectoFinal_computacionGrafica\proyectoFinal\proyectoFinal\CastelanHernandezMario_ProyectoFinal_GPO04.cpp(472,76): warning C4305: 'argument': truncation from 'double' to 'float'
C:\Users\mario\Desktop\gitRepos\ProyectoFinal_computacionGrafica\proyectoFinal\proyectoFinal\CastelanHernandezMario_ProyectoFinal_GPO04.cpp(473,74): warning C4305: 'argument': truncation from 'double' to 'float'
C:\Users\mario\Desktop\gitRepos\ProyectoFinal_computacionGrafica\proyectoFinal\proyectoFinal\CastelanHernandezMario_ProyectoFinal_GPO04.cpp(474,76): warning C4305: 'argument': truncation from 'double' to 'float'
C:\Users\mario\Desktop\gitRepos\ProyectoFinal_computacionGrafica\proyectoFinal\proyectoFinal\CastelanHernandezMario_ProyectoFinal_GPO04.cpp(475,76): warning C4305: 'argument': truncation from 'double' to 'float'
C:\Users\mario\Desktop\gitRepos\ProyectoFinal_computacionGrafica\proyectoFinal\proyectoFinal\CastelanHernandezMario_ProyectoFinal_GPO04.cpp(476,78): warning C4305: 'argument': truncation from 'double' to 'float'
C:\Users\mario\Desktop\gitRepos\ProyectoFinal_computacionGrafica\proyectoFinal\proyectoFinal\CastelanHernandezMario_ProyectoFinal_GPO04.cpp(477,81): warning C4305: 'argument': truncation from 'double' to 'float'
C:\Users\mario\Desktop\gitRepos\ProyectoFinal_computacionGrafica\proyectoFinal\proyectoFinal\CastelanHernandezMario_ProyectoFinal_GPO04.cpp(478,81): warning C4305: 'argument': truncation from 'double' to 'float'
C:\Users\mario\Desktop\gitRepos\ProyectoFinal_computacionGrafica\proyectoFinal\proyectoFinal\CastelanHernandezMario_ProyectoFinal_GPO04.cpp(479,78): warning C4305: 'argument': truncation from 'double' to 'float'
C:\Users\mario\Desktop\gitRepos\ProyectoFinal_computacionGrafica\proyectoFinal\proyectoFinal\CastelanHernandezMario_ProyectoFinal_GPO04.cpp(480,81): warning C4305: 'argument': truncation from 'double' to 'float'
C:\Users\mario\Desktop\gitRepos\ProyectoFinal_computacionGrafica\proyectoFinal\proyectoFinal\CastelanHernandezMario_ProyectoFinal_GPO04.cpp(481,81): warning C4305: 'argument': truncation from 'double' to 'float'
C:\Users\mario\Desktop\gitRepos\ProyectoFinal_computacionGrafica\proyectoFinal\proyectoFinal\CastelanHernandezMario_ProyectoFinal_GPO04.cpp(482,78): warning C4305: 'argument': truncation from 'double' to 'float'
C:\Users\mario\Desktop\gitRepos\ProyectoFinal_computacionGrafica\proyectoFinal\proyectoFinal\CastelanHernandezMario_ProyectoFinal_GPO04.cpp(490,30): warning C4244: 'initializing': conversion from 'double' to 'GLfloat', possible loss of data
C:\Users\mario\Desktop\gitRepos\ProyectoFinal_computacionGrafica\proyectoFinal\proyectoFinal\CastelanHernandezMario_ProyectoFinal_GPO04.cpp(960,17): warning C4244: '=': conversion from 'double' to 'GLfloat', possible loss of data
C:\Users\mario\Desktop\gitRepos\ProyectoFinal_computacionGrafica\proyectoFinal\proyectoFinal\CastelanHernandezMario_ProyectoFinal_GPO04.cpp(961,17): warning C4244: '=': conversion from 'double' to 'GLfloat', possible loss of data
C:\Users\mario\Desktop\gitRepos\ProyectoFinal_computacionGrafica\proyectoFinal\proyectoFinal\CastelanHernandezMario_ProyectoFinal_GPO04.cpp(965,21): warning C4244: 'initializing': conversion from 'double' to 'GLfloat', possible loss of data
C:\Users\mario\Desktop\gitRepos\ProyectoFinal_computacionGrafica\proyectoFinal\proyectoFinal\CastelanHernandezMario_ProyectoFinal_GPO04.cpp(966,21): warning C4244: 'initializing': conversion from 'double' to 'GLfloat', possible loss of data
C:\Users\mario\Desktop\gitRepos\ProyectoFinal_computacionGrafica\proyectoFinal\proyectoFinal\CastelanHernandezMario_ProyectoFinal_GPO04.cpp(968,13): warning C4244: '=': conversion from 'double' to 'GLfloat', possible loss of data
C:\Users\mario\Desktop\gitRepos\ProyectoFinal_computacionGrafica\proyectoFinal\proyectoFinal\CastelanHernandezMario_ProyectoFinal_GPO04.cpp(969,13): warning C4244: '=': conversion from 'double' to 'GLfloat', possible loss of data
C:\Users\mario\Desktop\gitRepos\ProyectoFinal_computacionGrafica\proyectoFinal\proyectoFinal\CastelanHernandezMario_ProyectoFinal_GPO04.cpp(1042,47): warning C4305: '+=': truncation from 'double' to 'float'
C:\Users\mario\Desktop\gitRepos\ProyectoFinal_computacionGrafica\proyectoFinal\proyectoFinal\CastelanHernandezMario_ProyectoFinal_GPO04.cpp(1049,47): warning C4305: '-=': truncation from 'double' to 'float'
C:\Users\mario\Desktop\gitRepos\ProyectoFinal_computacionGrafica\proyectoFinal\proyectoFinal\CastelanHernandezMario_ProyectoFinal_GPO04.cpp(1056,47): warning C4305: '+=': truncation from 'double' to 'float'
C:\Users\mario\Desktop\gitRepos\ProyectoFinal_computacionGrafica\proyectoFinal\proyectoFinal\CastelanHernandezMario_ProyectoFinal_GPO04.cpp(1057,45): warning C4305: '-=': truncation from 'double' to 'float'
C:\Users\mario\Desktop\gitRepos\ProyectoFinal_computacionGrafica\proyectoFinal\proyectoFinal\CastelanHernandezMario_ProyectoFinal_GPO04.cpp(1065,47): warning C4305: '-=': truncation from 'double' to 'float'
C:\Users\mario\Desktop\gitRepos\ProyectoFinal_computacionGrafica\proyectoFinal\proyectoFinal\CastelanHernandezMario_ProyectoFinal_GPO04.cpp(1066,45): warning C4305: '+=': truncation from 'double' to 'float'
C:\Users\mario\Desktop\gitRepos\ProyectoFinal_computacionGrafica\proyectoFinal\proyectoFinal\CastelanHernandezMario_ProyectoFinal_GPO04.cpp(1074,47): warning C4305: '+=': truncation from 'double' to 'float'
C:\Users\mario\Desktop\gitRepos\ProyectoFinal_computacionGrafica\proyectoFinal\proyectoFinal\CastelanHernandezMario_ProyectoFinal_GPO04.cpp(1075,45): warning C4305: '+=': truncation from 'double' to 'float'
C:\Users\mario\Desktop\gitRepos\ProyectoFinal_computacionGrafica\proyectoFinal\proyectoFinal\CastelanHernandezMario_ProyectoFinal_GPO04.cpp(1083,47): warning C4305: '-=': truncation from 'double' to 'float'
C:\Users\mario\Desktop\gitRepos\ProyectoFinal_computacionGrafica\proyectoFinal\proyectoFinal\CastelanHernandezMario_ProyectoFinal_GPO04.cpp(1084,45): warning C4305: '-=': truncation from 'double' to 'float'
C:\Users\mario\Desktop\gitRepos\ProyectoFinal_computacionGrafica\proyectoFinal\proyectoFinal\CastelanHernandezMario_ProyectoFinal_GPO04.cpp(1092,47): warning C4305: '+=': truncation from 'double' to 'float'
C:\Users\mario\Desktop\gitRepos\ProyectoFinal_computacionGrafica\proyectoFinal\proyectoFinal\CastelanHernandezMario_ProyectoFinal_GPO04.cpp(1093,45): warning C4305: '+=': truncation from 'double' to 'float'
C:\Users\mario\Desktop\gitRepos\ProyectoFinal_computacionGrafica\proyectoFinal\proyectoFinal\CastelanHernandezMario_ProyectoFinal_GPO04.cpp(1101,45): warning C4305: '-=': truncation from 'double' to 'float'
C:\Users\mario\Desktop\gitRepos\ProyectoFinal_computacionGrafica\proyectoFinal\proyectoFinal\CastelanHernandezMario_ProyectoFinal_GPO04.cpp(1113,53): warning C4305: '+=': truncation from 'double' to 'float'
C:\Users\mario\Desktop\gitRepos\ProyectoFinal_computacionGrafica\proyectoFinal\proyectoFinal\CastelanHernandezMario_ProyectoFinal_GPO04.cpp(1122,47): warning C4305: '-=': truncation from 'double' to 'float'
C:\Users\mario\Desktop\gitRepos\ProyectoFinal_computacionGrafica\proyectoFinal\proyectoFinal\CastelanHernandezMario_ProyectoFinal_GPO04.cpp(1123,45): warning C4305: '+=': truncation from 'double' to 'float'
C:\Users\mario\Desktop\gitRepos\ProyectoFinal_computacionGrafica\proyectoFinal\proyectoFinal\CastelanHernandezMario_ProyectoFinal_GPO04.cpp(1138,67): warning C4244: '+=': conversion from 'double' to 'float', possible loss of data
C:\Users\mario\Desktop\gitRepos\ProyectoFinal_computacionGrafica\proyectoFinal\proyectoFinal\CastelanHernandezMario_ProyectoFinal_GPO04.cpp(1155,70): warning C4244: '+=': conversion from 'double' to 'float', possible loss of data
C:\Users\mario\Desktop\gitRepos\ProyectoFinal_computacionGrafica\proyectoFinal\proyectoFinal\CastelanHernandezMario_ProyectoFinal_GPO04.cpp(1175,53): warning C4305: '+=': truncation from 'double' to 'float'
C:\Users\mario\Desktop\gitRepos\ProyectoFinal_computacionGrafica\proyectoFinal\proyectoFinal\CastelanHernandezMario_ProyectoFinal_GPO04.cpp(1289,50): warning C4305: '+=': truncation from 'double' to 'float'
soil2-debug.lib(SOIL2.obj) : warning LNK4075: ignoring '/EDITANDCONTINUE' due to '/OPT:ICF' specification
LINK : warning LNK4098: defaultlib 'MSVCRTD' conflicts with use of other libs; use /NODEFAULTLIB:library
  Generating code
  752 of 767 functions (98.0%) were compiled, the rest were copied from previous compilation.
    7 functions were new in current compilation
    2 functions had inline decision re-evaluated but remain unchanged
  Finished generating code
soil2-debug.lib(etc1_utils.obj) : warning LNK4099: PDB 'soil2-debug.pdb' was not found with 'soil2-debug.lib(etc1_utils.obj)' or at 'C:\Users\mario\Desktop\gitRepos\ProyectoFinal_computacionGrafica\proyectoFinal\Release\soil2-debug.pdb'; linking object as if no debug info
soil2-debug.lib(image_DXT.obj) : warning LNK4099: PDB 'soil2-debug.pdb' was not found with 'soil2-debug.lib(image_DXT.obj)' or at 'C:\Users\mario\Desktop\gitRepos\ProyectoFinal_computacionGrafica\proyectoFinal\Release\soil2-debug.pdb'; linking object as if no debug info
soil2-debug.lib(image_helper.obj) : warning LNK4099: PDB 'soil2-debug.pdb' was not found with 'soil2-debug.lib(image_helper.obj)' or at 'C:\Users\mario\Desktop\gitRepos\ProyectoFinal_computacionGrafica\proyectoFinal\Release\soil2-debug.pdb'; linking object as if no debug info
soil2-debug.lib(SOIL2.obj) : warning LNK4099: PDB 'soil2-debug.pdb' was not found with 'soil2-debug.lib(SOIL2.obj)' or at 'C:\Users\mario\Desktop\gitRepos\ProyectoFinal_computacionGrafica\proyectoFinal\Release\soil2-debug.pdb'; linking object as if no debug info
  proyectoFinal.vcxproj -> C:\Users\mario\Desktop\gitRepos\ProyectoFinal_computacionGrafica\proyectoFinal\Release\proyectoFinal.exe
